2024-06-21 13:32:34 - HTTP error during authentication: Code 401, Response: {"data":null}
2024-06-21 15:36:55 - HTTP error during authentication: Code 401, Response: {"data":null}
2024-06-21 15:39:00 - HTTP error during authentication: Code 401, Response: {"data":null}
2024-06-21 15:42:49 - HTTP error during authentication: Code 401, Response: {"data":null}
2024-06-21 15:45:48 - HTTP error during authentication: Code 401, Response: {"data":null}
2024-06-21 15:47:14 - Successfully authenticated. Ticket: PMG:root@pam:66758462::ja8AHiQnxgeZCxfIq4D0S46npukE7X0elaPWOS2dtUqkIPmBokeoJI/QPCmzPcI0Y5VXZGNByNAvA8GafIUG6MJam2zGemyuTHX/ccUFEdqe0YZZ8fT1X69NzUmc0HphsN4bodxwb+77j2oaYOduXV0tJd8RliKeB8OQ+TgxJ4NFs2Vjs3andV+TlcmTosRaFzD1MWA7Y5w2hY3ftStexSLxQEbVA7hjwP4Vu/mGSCWz9MRwMllugC/6J4jO/y/PrTQIVFG9Pc6jvgvAEZ8nRZ9OZpUqqYwGSTbHPjkILrzPwQ/vkaAnoONlTM8YgkdASpIMFxaUGv10J859Bok3Iw==
2024-06-21 15:47:17 - HTTP error during transport addition: Code 401, Response: 
2024-06-21 15:49:31 - Successfully authenticated. Ticket: PMG:root@pam:667584EB::oogJBdsApmJhzdVnPeH5tMWcyqaaAj1EdqG//d0+FSiwhwNsZ7tf5sj5A45HkFhHh7TZjsfGk1hZ3CtDePhWs0aQK/6cKZ52teAOihKux3MiXobiRx+dyoVQow5BLLWHR+eLD3GqCm8evroWLEDt86bs1xY0Y7A9E213+aCxACQSPWLo+qES3mw0xU6+/BvQuDwiSl6rrN54/6m25TIID6yozQWqv7MCSiZq5ed4xS0Vk9n3VZCNJLIVB/E60IVt0GjzyvxEZrDQHKMyhr6jvlhhu9Lrq5PGWc6xSYLg6L2mZV+U7N+PH5oKXSVQUNhP0ulRxC7wk5LY491GpIN2OA==
2024-06-21 15:49:34 - HTTP error during transport addition: Code 401, Response: 
2024-06-21 15:50:53 - Successfully authenticated. Ticket: PMG:root@pam:6675853D::dpAz0h4WycLYJG87uFBSOzXVIDVGa/mYlxrWeQkb8NNHK0H1qFJFzP18CCxasMegGOe7ogINv1yeUhylQb+umaOxls1tSHKFuR1GxDN86L5SttRyWJhjSckPhRRU7UcPgaH+R2F6XfndgicFBeF47ZK4eqXLyfa/AYvvd3ZaR89iEvmSGe9S/9njPuSzjHhPI3TpV063rjUDeXLaH5ZSijEI/cV1fQexZ8wrEAjmDV7RdKOqx4xEdT0IKuyTzfAm9XavejUqYyZCk17JaUGpX/jE7LKFUe8zGSgUPDb1M2eSUtplTnvvnvSQgyAiinl0Q7TK6O+1kA+ReU0DLMvuzw==
2024-06-21 15:50:56 - HTTP error during transport addition: Code 401, Response: 
2024-06-21 15:52:25 - Successfully authenticated. Ticket: PMG:root@pam:66758599::oNqPmmrw/7AKM5SkfTfLEvR0/o0BA4UbmJrEcwP0mySv0ci8GfGyJX2wwcddV6hn3i061tDCPwBs0QsG8giIi2Hu2jCShk4SMKz7g45jwkppGPQWEAqkUc/rC3ZjBU7dfD6W0NZ4ZQ8HRJX7HEI1465QGCaEJJGlL1O1+KMJ9GjkxVKTxozsnvpL8LxPv01U2J8q9cETp+Xh3sRg/gmGQZBg/diu+ewV2DkGPS6EiG8Fo4IcY6bxIzxhAjgbjPNZcc4fQdzXspy1Ds87j3SpYG/+mL1NAg9jWynNTk2BsREIZHq1d0R8KGC2xpxIFY4ZoOwNTa1bYr1CNLhUObGgTw==
2024-06-21 15:52:29 - HTTP error during transport addition: Code 401, Response: 
2024-06-21 16:02:31 - Successfully authenticated. Ticket: PMG:root@pam:667587F7::C0cwYTskF/c2v128ysjDROOt2PXWYvKzEBwWuHW4HFWNe/duxnsQMawJI50QmA9wWnvtNLn/YrKm4YGChKHDo+Z/uUHvGUk4IHI1mElzbIyHld/RfH/Z76X5A4jyYy+tnfpI0yBkvnOs/aaQ8FGbNRdpcQBHhqFCTm8mXSl1+67pAKnPbrTUPpFpwgqbxxP9L/5u/Q2HxfSCfcqgX4VfRMOHoG7M34cWYoLUN2TyLcQgMi4/LGMN3nE/Mx2CCBP3mWy2DYiw+6jrkVxpa5fKb/oI5X51nqwe3Oxvu27Sqp2MhR/OANYClwP2amy+7E+JOjAb0RlwZmlCsdX6pJZwEw==
2024-06-21 16:02:34 - HTTP error during PUT request: Code 401, Response: 
2024-06-21 16:04:46 - Successfully authenticated. Ticket: PMG:root@pam:6675887E::lu5GtQFNSMzXCIh/F0R+QgBT0+CT9+cJjbyTfeOnBo2yogse2UWMHUsQBUKcj66eFBkwbhIvxoPrDSSCM3dwBxfAn3xyYmkf11kCjpy6AX/aO1EZs2EMWpau0qK8ptuxkmRZrPJco8U4OHYAjk7xhKmzhG8lKSS5Gh0mEb9esAU8IRisKlbfjq3/UkCDc3DB9zFbPdVSdAI0j1d1hK5OinV04ew7LMNEt4EKKxjmEOV5qtN3C42R4a2GVBP5f9Rt4cBPw8poFSNjx3KBzIy8uay9AmKmbJvVhY2/NflheA2PfQ8rTh57wpSfK5IRXDKqpkAfovZ6OopKDCQsLR7CDA==
2024-06-21 16:04:49 - HTTP error during PUT request: Code 401, Response: 
2024-06-21 16:05:03 - Successfully authenticated. Ticket: PMG:root@pam:6675888F::qYVwo41WTVir2geWrJQXb9nNsz+NqTQofgEn4CQpzqn4CjC5wUDy8K90ERRq1BbeWdxUDSwQW9lRcxfVZQeXCeH7+Qe6Sm9yKQH8m3iHynLFcEA/rWQ8s97W6rgPMlifto0nMXKwuDEavW41H6ckcIR9xaQ9w7ulZkxD5uDnVKCDo+oKKhdZhBQe8bJGyhKOMqS4TXmlmj9hmcm4svB+YM83mRzKvX4hU6GrF9Z1xFMv9g4cpc6Q4pHueTgtgYSEEzL3Lmysji7WKeBmgE/58UG3Sv1JhL+6i7qxrlWC8Xre5xrNdiEcj8T1IeU5CoZiQEwKkZFufvQlSnI6/a1H8Q==
2024-06-21 16:05:06 - HTTP error during PUT request: Code 401, Response: 
2024-06-21 16:08:36 - Successfully authenticated. Ticket: PMG:root@pam:66758964::ke6r2/2vs7fPJplmyu57xUOHZrujr4mxYiwNzeaDyYdDKInXGaaOhddwv4xpg/jqCFpQ0xg1vi7DoadMWvvQ1vIebcRdx+JdVrjdQ1LHJua9Bgb9aFiauzjoAjYEKDHX0X9fB7Y6mi3UoaqFE4J2x1uUOUKVkAoC5JH+nzW/m2VHw6Fev3ohq6/I0Min1lxROSm28bHVUf44IJSyjqKLzGSe+RgbUK5VL4c2kb3htwd38Wf/elgD/c0dML8Jmf8tD8D9UzafLPOJeG7jBGgZia1D+U7mpYn5pvqjJHzB6oFlKdAawiP6bvjB7WZcwfeous+53XSRWDRdUOATgyatrQ==
2024-06-21 16:08:39 - HTTP error during PUT request: Code 401, Response: 
2024-06-21 16:09:11 - Successfully authenticated. Ticket: PMG:root@pam:66758987::PyVsVyo1m8i60yceC55ecEMNcX9NEXyWfY8GL/9387GaIXjc3gj9c9WFHjC+asi7enbEwdXyphB8B/2u+/sCeaZxT5v76b+BwC/THyXTb60qjqoFku3bhIl3yONAFylmk8YwO0oGRiv2xpAmpPUHpD27ps0ZClTkZghiXleiau7jDEbB+TEk82+S1WqY9U4YVdYunu5i1JJvniJW/h8LLHOZVhnT1QSxuvsmGj3PTskaFUWPKFR1tMK9EUJJSW4ENsMjDbf+7fJx7/dn6npsReaXVYvZctnUG4w0iWxHg8j4+hLdrvUK9Ix5mjhh7v2B4/JI4Outvp1Q3+JrlM32BA==
2024-06-21 16:09:14 - HTTP error during PUT request: Code 401, Response: 
2024-06-21 16:09:48 - Successfully authenticated. Ticket: PMG:root@pam:667589AC::XaVb6YZwLu6Ixkvjn3ZZJuoME1hnXG7TjYZFOv9MFbdHa0oGkbA2Yh0XGbmsiMFuuI3E55tdHwzAObRzqnKSKjVcn2UzZLYmHnIhSpydR3rWwNIkg1LXi1ogJEpFpnlGwCN+R0e1S6LylZdcouwDHguL+Dbh3oMj3ftPvr2KRGq36q5fELPhuLgSnxE90EOBDdy43bdmElCd4PbuBawQkqYDjA0CD7KX0QM8y7IIB+L6O4AkwhrKWS6hcL01lMT06NCCCTWBoqLRaQAi/sIgrfyVp4Evg+oM23L3BIB1103RzoiX2/6Vdv5qN9n9TIf66metvNkH/i8f9zFyunNk9g==
2024-06-21 16:09:51 - HTTP error during PUT request: Code 401, Response: 
2024-06-21 16:18:24 - Successfully authenticated. Ticket: PMG:root@pam:66758BB0::tFGLYYaJxk4E72PlHNwT7a7TBmi9hfQCiQPWkAAF5FXX9NVfpAh1ofiL4FkwFpKAQHmC5GOLoefSvQcyI6uVq5Zm7ZKB6Kixx4K3Z1kt7K1l+/rYnmB+XROjyhGtG6EGFvxF8Hn7d15u/MHy60tAEzCYH1nUQLy7x5A5GnsP/xD0D92VPegnelxtbDDP2O0YwMOfrXvh+dDEW9J9Zj2fO/BjtTkJmH3z1ewHf0jizCOKEkl/boqbqPV9cJy3UcywwoHlLhqnCDOVXwK1tL3D+MisofeJOGnsbRXnOstdlR5e3eJQwexqwIh8i4JyGyXLPRF7jqstA/8F0H0ffH2VBw==
2024-06-21 16:18:27 - HTTP error during PUT request: Code 401, Response: 
