Error /root/scripts/backupman/tmp/vhosts/Barcelonastudios.es
Error /root/scripts/backupman/tmp/vhosts/arsanthology.org
Error /root/scripts/backupman/tmp/vhosts/bufeteguimori.com
Error /root/scripts/backupman/tmp/vhosts/carlescamins.cat
Error /root/scripts/backupman/tmp/vhosts/castanera.cat
Error /root/scripts/backupman/tmp/vhosts/castanera.eu
Error /root/scripts/backupman/tmp/vhosts/centreberenguer.cat
Error /root/scripts/backupman/tmp/vhosts/certificadas14001.net
Error /root/scripts/backupman/tmp/vhosts/chroot
Error /root/scripts/backupman/tmp/vhosts/default
Error /root/scripts/backupman/tmp/vhosts/genteconangel.es
Error /root/scripts/backupman/tmp/vhosts/guimoriabogados.es
Error /root/scripts/backupman/tmp/vhosts/guimoriadvocats.cat
Error /root/scripts/backupman/tmp/vhosts/guimoriadvocats.com
Error /root/scripts/backupman/tmp/vhosts/institutocastanera.cat
Error /root/scripts/backupman/tmp/vhosts/institutocastanera.es
Error /root/scripts/backupman/tmp/vhosts/isuma.cat
Error /root/scripts/backupman/tmp/vhosts/josecruset.com
Error /root/scripts/backupman/tmp/vhosts/kognitif.cat
Error /root/scripts/backupman/tmp/vhosts/laperlagris.cat
Error /root/scripts/backupman/tmp/vhosts/laperlagris.com
Error /root/scripts/backupman/tmp/vhosts/mekauen.org
Error /root/scripts/backupman/tmp/vhosts/neorurals.cat
Error /root/scripts/backupman/tmp/vhosts/pinedaopensource.com
Error /root/scripts/backupman/tmp/vhosts/scalextriccompact.es
Error /root/scripts/backupman/tmp/vhosts/scxcompact.es
Error /root/scripts/backupman/tmp/vhosts/setcagirona.com
Error /root/scripts/backupman/tmp/vhosts/smain.es
Error /root/scripts/backupman/tmp/vhosts/soloclub.es
Error /root/scripts/backupman/tmp/vhosts/talka.org
Error /root/scripts/backupman/tmp/vhosts/teclat.cat
Error /root/scripts/backupman/tmp/vhosts/tena.cat
Error /root/scripts/backupman/tmp/vhosts/thao-salud.es
Error /root/scripts/backupman/tmp/vhosts/thebulletthatturnedthecorner.com
Error /root/scripts/backupman/tmp/vhosts/tutiendadeviajes.es
Error /root/scripts/backupman/tmp/vhosts/vallpineda.es
Error /root/scripts/backupman/tmp/vhosts/videoartnet.com
Error /root/scripts/backupman/tmp/vhosts/videoartworld.org
Error /root/scripts/backupman/tmp/vhosts/zurevision.org
Error /root/scripts/backupman/tmp/vhosts/zurevisionsocialvision.com
Error /root/scripts/backupman/tmp/vhosts/zurevisionsocialvision.org
